22:48:39: [INFO] [/Users/dk/Documents/University/1A/autonomy-bootcamp-2025-p2/modules/heartbeat/heartbeat_receiver_worker.py | heartbeat_receiver_worker | 50] Logger initialized

22:48:39: [INFO] [/Users/dk/Documents/University/1A/autonomy-bootcamp-2025-p2/modules/heartbeat/heartbeat_receiver.py | __init__ | 34] HeartbeatReceiver initialized

22:48:39: [INFO] [/Users/dk/Documents/University/1A/autonomy-bootcamp-2025-p2/modules/heartbeat/heartbeat_receiver_worker.py | heartbeat_receiver_worker | 65] HeartbeatReceiver worker started.

22:48:39: [INFO] [/Users/dk/Documents/University/1A/autonomy-bootcamp-2025-p2/modules/heartbeat/heartbeat_receiver_worker.py | heartbeat_receiver_worker | 72] Received heartbeat!

22:48:39: [INFO] [/Users/dk/Documents/University/1A/autonomy-bootcamp-2025-p2/modules/heartbeat/heartbeat_receiver_worker.py | heartbeat_receiver_worker | 81] STATUS: CONNECTED

22:48:40: [INFO] [/Users/dk/Documents/University/1A/autonomy-bootcamp-2025-p2/modules/heartbeat/heartbeat_receiver_worker.py | heartbeat_receiver_worker | 72] Received heartbeat!

22:48:40: [INFO] [/Users/dk/Documents/University/1A/autonomy-bootcamp-2025-p2/modules/heartbeat/heartbeat_receiver_worker.py | heartbeat_receiver_worker | 81] STATUS: CONNECTED

22:48:41: [INFO] [/Users/dk/Documents/University/1A/autonomy-bootcamp-2025-p2/modules/heartbeat/heartbeat_receiver_worker.py | heartbeat_receiver_worker | 72] Received heartbeat!

22:48:41: [INFO] [/Users/dk/Documents/University/1A/autonomy-bootcamp-2025-p2/modules/heartbeat/heartbeat_receiver_worker.py | heartbeat_receiver_worker | 81] STATUS: CONNECTED

22:48:42: [INFO] [/Users/dk/Documents/University/1A/autonomy-bootcamp-2025-p2/modules/heartbeat/heartbeat_receiver_worker.py | heartbeat_receiver_worker | 72] Received heartbeat!

22:48:42: [INFO] [/Users/dk/Documents/University/1A/autonomy-bootcamp-2025-p2/modules/heartbeat/heartbeat_receiver_worker.py | heartbeat_receiver_worker | 81] STATUS: CONNECTED

22:48:43: [INFO] [/Users/dk/Documents/University/1A/autonomy-bootcamp-2025-p2/modules/heartbeat/heartbeat_receiver_worker.py | heartbeat_receiver_worker | 72] Received heartbeat!

22:48:43: [INFO] [/Users/dk/Documents/University/1A/autonomy-bootcamp-2025-p2/modules/heartbeat/heartbeat_receiver_worker.py | heartbeat_receiver_worker | 81] STATUS: CONNECTED

22:48:44: [WARNING] [/Users/dk/Documents/University/1A/autonomy-bootcamp-2025-p2/modules/heartbeat/heartbeat_receiver_worker.py | heartbeat_receiver_worker | 76] Missed heartbeat! 1 in a row.

22:48:44: [INFO] [/Users/dk/Documents/University/1A/autonomy-bootcamp-2025-p2/modules/heartbeat/heartbeat_receiver_worker.py | heartbeat_receiver_worker | 81] STATUS: CONNECTED

22:48:45: [WARNING] [/Users/dk/Documents/University/1A/autonomy-bootcamp-2025-p2/modules/heartbeat/heartbeat_receiver_worker.py | heartbeat_receiver_worker | 76] Missed heartbeat! 2 in a row.

22:48:45: [INFO] [/Users/dk/Documents/University/1A/autonomy-bootcamp-2025-p2/modules/heartbeat/heartbeat_receiver_worker.py | heartbeat_receiver_worker | 81] STATUS: CONNECTED

22:48:46: [WARNING] [/Users/dk/Documents/University/1A/autonomy-bootcamp-2025-p2/modules/heartbeat/heartbeat_receiver_worker.py | heartbeat_receiver_worker | 76] Missed heartbeat! 3 in a row.

22:48:46: [INFO] [/Users/dk/Documents/University/1A/autonomy-bootcamp-2025-p2/modules/heartbeat/heartbeat_receiver_worker.py | heartbeat_receiver_worker | 81] STATUS: CONNECTED

22:48:47: [WARNING] [/Users/dk/Documents/University/1A/autonomy-bootcamp-2025-p2/modules/heartbeat/heartbeat_receiver_worker.py | heartbeat_receiver_worker | 76] Missed heartbeat! 4 in a row.

22:48:47: [INFO] [/Users/dk/Documents/University/1A/autonomy-bootcamp-2025-p2/modules/heartbeat/heartbeat_receiver_worker.py | heartbeat_receiver_worker | 81] STATUS: CONNECTED

22:48:48: [WARNING] [/Users/dk/Documents/University/1A/autonomy-bootcamp-2025-p2/modules/heartbeat/heartbeat_receiver_worker.py | heartbeat_receiver_worker | 76] Missed heartbeat! 5 in a row.

22:48:48: [INFO] [/Users/dk/Documents/University/1A/autonomy-bootcamp-2025-p2/modules/heartbeat/heartbeat_receiver_worker.py | heartbeat_receiver_worker | 81] STATUS: DISCONNECTED

22:48:50: [WARNING] [/Users/dk/Documents/University/1A/autonomy-bootcamp-2025-p2/modules/heartbeat/heartbeat_receiver_worker.py | heartbeat_receiver_worker | 76] Missed heartbeat! 6 in a row.

22:48:50: [INFO] [/Users/dk/Documents/University/1A/autonomy-bootcamp-2025-p2/modules/heartbeat/heartbeat_receiver_worker.py | heartbeat_receiver_worker | 81] STATUS: DISCONNECTED

22:48:51: [WARNING] [/Users/dk/Documents/University/1A/autonomy-bootcamp-2025-p2/modules/heartbeat/heartbeat_receiver_worker.py | heartbeat_receiver_worker | 76] Missed heartbeat! 7 in a row.

22:48:51: [INFO] [/Users/dk/Documents/University/1A/autonomy-bootcamp-2025-p2/modules/heartbeat/heartbeat_receiver_worker.py | heartbeat_receiver_worker | 81] STATUS: DISCONNECTED

22:48:52: [WARNING] [/Users/dk/Documents/University/1A/autonomy-bootcamp-2025-p2/modules/heartbeat/heartbeat_receiver_worker.py | heartbeat_receiver_worker | 76] Missed heartbeat! 8 in a row.

22:48:52: [INFO] [/Users/dk/Documents/University/1A/autonomy-bootcamp-2025-p2/modules/heartbeat/heartbeat_receiver_worker.py | heartbeat_receiver_worker | 81] STATUS: DISCONNECTED

22:48:53: [INFO] [/Users/dk/Documents/University/1A/autonomy-bootcamp-2025-p2/modules/heartbeat/heartbeat_receiver_worker.py | heartbeat_receiver_worker | 72] Received heartbeat!

22:48:53: [INFO] [/Users/dk/Documents/University/1A/autonomy-bootcamp-2025-p2/modules/heartbeat/heartbeat_receiver_worker.py | heartbeat_receiver_worker | 81] STATUS: CONNECTED

22:48:54: [INFO] [/Users/dk/Documents/University/1A/autonomy-bootcamp-2025-p2/modules/heartbeat/heartbeat_receiver_worker.py | heartbeat_receiver_worker | 72] Received heartbeat!

22:48:54: [INFO] [/Users/dk/Documents/University/1A/autonomy-bootcamp-2025-p2/modules/heartbeat/heartbeat_receiver_worker.py | heartbeat_receiver_worker | 81] STATUS: CONNECTED

22:48:55: [INFO] [/Users/dk/Documents/University/1A/autonomy-bootcamp-2025-p2/modules/heartbeat/heartbeat_receiver_worker.py | heartbeat_receiver_worker | 72] Received heartbeat!

22:48:55: [INFO] [/Users/dk/Documents/University/1A/autonomy-bootcamp-2025-p2/modules/heartbeat/heartbeat_receiver_worker.py | heartbeat_receiver_worker | 81] STATUS: CONNECTED

22:48:56: [INFO] [/Users/dk/Documents/University/1A/autonomy-bootcamp-2025-p2/modules/heartbeat/heartbeat_receiver_worker.py | heartbeat_receiver_worker | 72] Received heartbeat!

22:48:56: [INFO] [/Users/dk/Documents/University/1A/autonomy-bootcamp-2025-p2/modules/heartbeat/heartbeat_receiver_worker.py | heartbeat_receiver_worker | 81] STATUS: CONNECTED

22:48:57: [INFO] [/Users/dk/Documents/University/1A/autonomy-bootcamp-2025-p2/modules/heartbeat/heartbeat_receiver_worker.py | heartbeat_receiver_worker | 72] Received heartbeat!

22:48:57: [INFO] [/Users/dk/Documents/University/1A/autonomy-bootcamp-2025-p2/modules/heartbeat/heartbeat_receiver_worker.py | heartbeat_receiver_worker | 81] STATUS: CONNECTED

22:48:58: [WARNING] [/Users/dk/Documents/University/1A/autonomy-bootcamp-2025-p2/modules/heartbeat/heartbeat_receiver_worker.py | heartbeat_receiver_worker | 76] Missed heartbeat! 1 in a row.

22:48:58: [INFO] [/Users/dk/Documents/University/1A/autonomy-bootcamp-2025-p2/modules/heartbeat/heartbeat_receiver_worker.py | heartbeat_receiver_worker | 81] STATUS: CONNECTED

22:48:59: [INFO] [/Users/dk/Documents/University/1A/autonomy-bootcamp-2025-p2/modules/heartbeat/heartbeat_receiver_worker.py | heartbeat_receiver_worker | 72] Received heartbeat!

22:48:59: [INFO] [/Users/dk/Documents/University/1A/autonomy-bootcamp-2025-p2/modules/heartbeat/heartbeat_receiver_worker.py | heartbeat_receiver_worker | 81] STATUS: CONNECTED

22:49:00: [INFO] [/Users/dk/Documents/University/1A/autonomy-bootcamp-2025-p2/modules/heartbeat/heartbeat_receiver_worker.py | heartbeat_receiver_worker | 84] HeartbeatReceiver worker stopped.

